<?xml version="1.0" encoding="UTF-8"?>
<!-- Generated by org.testng.reporters.JUnitReportReporter -->
<testsuite hostname="DESKTOP-T0RPK91" failures="0" tests="2" name="com.dachan.testng.BasicAnnotation" time="0.005" errors="0" timestamp="09 Feb 2021 08:04:44 GMT" skipped="0">
  <testcase classname="com.dachan.testng.BasicAnnotation" name="testCase01" time="0.002"/>
  <testcase classname="com.dachan.testng.BasicAnnotation" name="testCase01" time="0.003"/>
</testsuite> <!-- com.dachan.testng.BasicAnnotation -->
