<?xml version="1.0" encoding="UTF-8"?>
<!-- Generated by org.testng.reporters.JUnitReportReporter -->
<testsuite hostname="DESKTOP-T0RPK91" failures="0" tests="1" name="com.dachan.testng.parameter.ParameterTest" time="0.004" errors="0" timestamp="09 Feb 2021 08:04:44 GMT" skipped="0">
  <testcase classname="com.dachan.testng.parameter.ParameterTest" name="paramTest" time="0.004"/>
</testsuite> <!-- com.dachan.testng.parameter.ParameterTest -->
