<?xml version="1.0" encoding="UTF-8"?>
<!-- Generated by org.testng.reporters.JUnitReportReporter -->
<testsuite hostname="DESKTOP-T0RPK91" failures="0" tests="2" name="com.dachan.testng.suite.LoginTest" time="0.050" errors="0" timestamp="09 Feb 2021 08:04:44 GMT" skipped="0">
  <testcase classname="com.dachan.testng.suite.LoginTest" name="loginBaidu" time="0.049"/>
  <testcase classname="com.dachan.testng.suite.LoginTest" name="loginTaoBao" time="0.001"/>
</testsuite> <!-- com.dachan.testng.suite.LoginTest -->
