<?xml version="1.0" encoding="UTF-8"?>
<!-- Generated by org.testng.reporters.JUnitReportReporter -->
<testsuite hostname="DESKTOP-T0RPK91" failures="0" tests="1" name="com.dachan.testng.suite.PayTest" time="0.001" errors="0" timestamp="09 Feb 2021 08:04:44 GMT" skipped="0">
  <testcase classname="com.dachan.testng.suite.PayTest" name="paySuccess" time="0.001"/>
</testsuite> <!-- com.dachan.testng.suite.PayTest -->
