<?xml version="1.0" encoding="UTF-8"?>
<!-- Generated by org.testng.reporters.JUnitReportReporter -->
<testsuite hostname="DESKTOP-T0RPK91" failures="0" tests="4" name="com.dachan.testng.groups.GroupsOnClass2" time="0.006" errors="0" timestamp="09 Feb 2021 08:04:44 GMT" skipped="0">
  <testcase classname="com.dachan.testng.groups.GroupsOnClass2" name="stu1" time="0.001"/>
  <testcase classname="com.dachan.testng.groups.GroupsOnClass2" name="stu2" time="0.002"/>
  <testcase classname="com.dachan.testng.groups.GroupsOnClass2" name="stu2" time="0.002"/>
  <testcase classname="com.dachan.testng.groups.GroupsOnClass2" name="stu1" time="0.001"/>
</testsuite> <!-- com.dachan.testng.groups.GroupsOnClass2 -->
